<?xml version="1.0" encoding="UTF-8"?>
<!-- Generated by org.testng.reporters.JUnitXMLReporter -->
<testsuite ignored="0" hostname="DESKTOP-PVK0IIF" failures="2" tests="6" name="Test1" time="0.06" errors="0" timestamp="2024-09-04T13:11:21 BDT">
  <testcase classname="Selebium.paratice.Demo" name="testAddition" time="0.009"/>
  <testcase classname="Selebium.paratice.Demo" name="testInvalidUsernameFormat" time="0.002"/>
  <testcase classname="Selebium.paratice.Demo" name="testMultiplication" time="0.001">
    <failure type="java.lang.AssertionError" message="Product should be 50 expected [60] but found [50]">
      <![CDATA[java.lang.AssertionError: Product should be 50 expected [60] but found [50]
at Selebium.paratice.Demo.testMultiplication(Demo.java:30)
at java.base/java.util.ArrayList.forEach(ArrayList.java:1511)
... Removed 32 stack frames]]>
    </failure>
  </testcase> <!-- testMultiplication -->
  <testcase classname="Selebium.paratice.Demo" name="testRegistrationMissingPassword" time="0.001">
    <failure type="java.lang.AssertionError" message="Registration should fail due to missing password expected [true] but found [false]">
      <![CDATA[java.lang.AssertionError: Registration should fail due to missing password expected [true] but found [false]
at Selebium.paratice.Demo.testRegistrationMissingPassword(Demo.java:49)
at java.base/java.util.ArrayList.forEach(ArrayList.java:1511)
... Removed 30 stack frames]]>
    </failure>
  </testcase> <!-- testRegistrationMissingPassword -->
  <testcase classname="Selebium.paratice.Demo" name="testSubtraction" time="0.002"/>
  <testcase classname="Selebium.paratice.Demo" name="testValidRegistration" time="0.001"/>
</testsuite> <!-- Test1 -->
